<?xml version="1.0" encoding="UTF-8"?>
<!-- Generated by org.testng.reporters.JUnitXMLReporter -->
<testsuite ignored="0" hostname="DESKTOP-A3FSNU9" failures="0" tests="3" name="SubmitOrder" time="69.366" errors="0" timestamp="2024-03-21T10:50:42 EDT">
  <testcase classname="seleniumFramework.Tests.SubmitOrder" name="submitOrder" time="15.37"/>
  <testcase classname="seleniumFramework.Tests.SubmitOrder" name="submitOrder" time="14.98"/>
  <testcase classname="seleniumFramework.Tests.SubmitOrder" name="orderHistory" time="0.816"/>
</testsuite> <!-- SubmitOrder -->
